2025-06-04 16:10:34.361 | INFO     | app.api.v1.case.case_ex_temp:background_case_analysis_request_post:66 - 开始临时提取=============
2025-06-04 16:11:06.930 | INFO     | app.api.v1.case.case_ex_temp:background_case_analysis_request_post:87 - 开始临时提取=============
2025-06-04 16:14:48.406 | INFO     | app.api.v1.case.case_ex_temp:background_case_analysis_request_post:87 - 开始临时提取=============
2025-06-04 16:14:48.406 | INFO     | app.api.v1.case.case_ex_temp:background_case_analysis_request_post:88 - {'id': 5, 'xwlx': '询问', 'xwnr': '证人证言补充记录', 'xwcs': 5, 'bllx': 'BL005', 'ywbh': 'AJ20231005', 'ywmc': '诈骗案立案调查', 'ajlx': '刑事案件', 'zbdw_mc': '通州派出所', 'ryxm': '孙七', 'zjhm': '110112198812123456', 'kssj': datetime.datetime(2025, 3, 15, 12, 0)}
2025-06-04 16:16:41.966 | INFO     | app.api.v1.case.case_ex_temp:background_case_analysis_request_post:87 - 开始临时提取=============
2025-06-04 16:16:41.967 | INFO     | app.api.v1.case.case_ex_temp:background_case_analysis_request_post:88 - {'id': 5, 'xwlx': '询问', 'xwnr': '证人证言补充记录', 'xwcs': 5, 'bllx': 'BL005', 'ywbh': 'AJ20231005', 'ywmc': '诈骗案立案调查', 'ajlx': '刑事案件', 'zbdw_mc': '通州派出所', 'ryxm': '孙七', 'zjhm': '110112198812123456', 'kssj': datetime.datetime(2025, 3, 15, 12, 0)}
2025-06-04 16:22:18.919 | INFO     | app.api.v1.case.case_ex_temp:background_case_analysis_request_post:87 - 开始临时提取=============
2025-06-04 16:22:18.919 | INFO     | app.api.v1.case.case_ex_temp:background_case_analysis_request_post:88 - {'id': 5, 'xwlx': '询问', 'xwnr': '证人证言补充记录', 'xwcs': 5, 'bllx': 'BL005', 'ywbh': 'AJ20231005', 'ywmc': '诈骗案立案调查', 'ajlx': '刑事案件', 'zbdw_mc': '通州派出所', 'ryxm': '孙七', 'zjhm': '110112198812123456', 'kssj': datetime.datetime(2025, 3, 15, 12, 0)}
2025-06-04 16:26:51.653 | INFO     | app.api.v1.case.case_ex_temp:background_case_analysis_request_post:87 - 开始临时提取=============
2025-06-04 16:26:51.653 | INFO     | app.api.v1.case.case_ex_temp:background_case_analysis_request_post:88 - {'id': 5, 'xwlx': '询问', 'xwnr': '证人证言补充记录', 'xwcs': 5, 'bllx': 'BL005', 'ywbh': 'AJ20231005', 'ywmc': '诈骗案立案调查', 'ajlx': '刑事案件', 'zbdw_mc': '通州派出所', 'ryxm': '孙七', 'zjhm': '110112198812123456', 'kssj': datetime.datetime(2025, 3, 15, 12, 0)}
2025-06-04 16:27:23.221 | INFO     | app.api.v1.case.case_ex_temp:background_case_analysis_request_post:87 - 开始临时提取=============
2025-06-04 16:27:23.221 | INFO     | app.api.v1.case.case_ex_temp:background_case_analysis_request_post:88 - {'id': 5, 'xwlx': '询问', 'xwnr': '证人证言补充记录', 'xwcs': 5, 'bllx': 'BL005', 'ywbh': 'AJ20231005', 'ywmc': '诈骗案立案调查', 'ajlx': '刑事案件', 'zbdw_mc': '通州派出所', 'ryxm': '孙七', 'zjhm': '110112198812123456', 'kssj': datetime.datetime(2025, 3, 15, 12, 0)}
2025-06-04 16:28:46.291 | INFO     | app.api.v1.case.case_ex_temp:background_case_analysis_request_post:87 - 开始临时提取=============
2025-06-04 16:28:46.292 | INFO     | app.api.v1.case.case_ex_temp:background_case_analysis_request_post:88 - {'id': 5, 'xwlx': '询问', 'xwnr': '证人证言补充记录', 'xwcs': 5, 'bllx': 'BL005', 'ywbh': 'AJ20231005', 'ywmc': '诈骗案立案调查', 'ajlx': '刑事案件', 'zbdw_mc': '通州派出所', 'ryxm': '孙七', 'zjhm': '110112198812123456', 'kssj': datetime.datetime(2025, 3, 15, 12, 0)}
2025-06-04 16:34:38.817 | INFO     | app.api.v1.case.case_ex_temp:background_case_analysis_request_post:87 - 开始临时提取=============
2025-06-04 16:34:38.818 | INFO     | app.api.v1.case.case_ex_temp:background_case_analysis_request_post:88 - {'id': 5, 'xwlx': '询问', 'xwnr': '证人证言补充记录', 'xwcs': 5, 'bllx': 'BL005', 'ywbh': 'AJ20231005', 'ywmc': '诈骗案立案调查', 'ajlx': '刑事案件', 'zbdw_mc': '通州派出所', 'ryxm': '孙七', 'zjhm': '110112198812123456', 'kssj': datetime.datetime(2025, 3, 15, 12, 0)}
2025-06-04 16:34:38.819 | INFO     | app.api.v1.case.case_ex_temp:background_case_analysis_request_post:107 - 开始临时提取=============
2025-06-04 16:34:38.830 | INFO     | app.api.v1.case.case_ex_temp:background_case_analysis_request_post:87 - 开始临时提取=============
2025-06-04 16:34:38.830 | INFO     | app.api.v1.case.case_ex_temp:background_case_analysis_request_post:88 - {'id': 8, 'xwlx': '讯问', 'xwnr': '认罪悔过陈述记录', 'xwcs': 8, 'bllx': 'BL008', 'ywbh': 'AJ20231008', 'ywmc': '网络诈骗立案', 'ajlx': '刑事案件', 'zbdw_mc': '石景山派出所', 'ryxm': '郑十', 'zjhm': '110107199909096789', 'kssj': datetime.datetime(2025, 3, 15, 12, 0)}
2025-06-04 16:34:38.831 | INFO     | app.api.v1.case.case_ex_temp:background_case_analysis_request_post:107 - 开始临时提取=============
2025-06-04 16:34:38.840 | INFO     | app.api.v1.case.case_ex_temp:background_case_analysis_request_post:87 - 开始临时提取=============
2025-06-04 16:34:38.841 | INFO     | app.api.v1.case.case_ex_temp:background_case_analysis_request_post:88 - {'id': 100, 'xwlx': '讯问', 'xwnr': '询问笔录第\u30001\u3000次  \n时间 2024年02月01日17时18分 至2024年02月01日18时39分  \n地点 湖南省衡阳市蒸湘区红湘街道派出所接警大厅  \n询问人 阙黎涛      湖南省衡阳市公安局蒸湘区分局红湘街道派出所  \n章鑫宇     湖南省衡阳市公安局蒸湘区分局红湘街道派出所  \n记录人 章鑫宇     湖南省衡阳市公安局蒸湘区分局红湘街道派出所  \n被 询问 人 张三  \n性别 男  \n年龄 48岁  \n出生日期 1974年04月23日  \n身份证件种类及号码 居民身份证        430404197404231214  \n联系方式 13812345678  \n民族 汉族  \n政治面貌 群众  \n是否人大代表 否  \n文化程度 初中毕业  \n工作单位 房产中介  \n现住址 湖南省衡阳市蒸湘区红湘街道钱锦花园6幢901室  \n户籍所在地 湖南省衡阳市衡阳县界牌镇长溪村３组长青３８号  \n根据《中华人民共和国刑事诉讼法》的相关规定，在公安机关对案件进行侦查期间，被害人有如下权利和义务：  \n1、不通晓当地通用的语言文字时有权要求配备翻译人员，有权用本民族语言文字进行诉讼。  \n2、对于公安机关及其侦查人员侵犯其诉讼权利或者进行人身侮辱的行为，有权提出申诉或者控告。  \n3、因在诉讼中作证，人身安全面临危险的，可以向公安机关请求对本人或其近亲属予以保护。  \n4、对于侦查人员、鉴定人、记录人、翻译人员有下列情形之一的，被害人及其法定代理人有权申请回避：  \n（一）是本案的当事人或者是当事人的近亲属的；  \n（二）本人或者他的近亲属和本案有利害关系的；  \n（三）担任过本案的证人、鉴定人、辩护人、诉讼代理人的；  \n（四）与本案当事人有其他关系，可能影响公正处理案件的。对驳回申请回避的决定，可以申请复议一次。  \n5、有权核对询问笔录。如果记载有遗漏或者差错，有权提出补充或者改正，经核对无误后，应当在询问笔录上逐页签名、捺指印。有权自行书写亲笔证词。  \n6、未满18周岁的被害人在接受询问时有权要求通知其法定代理人到场。  \n7、由于被告人的犯罪行为而遭受物质损失的，有权提起附带民事诉讼。  \n8、公安机关对被害人的报案作出不予立案决定的，被害人如果不服，可以申请复议、复核。被害人认为公安机关对应当立案侦查的案件而不立案侦查的，有权向人民检察院提出。  \n9、有权知道用作证据的鉴定意见的内容，可以申请补充鉴定或重新鉴定  \n10、知道案件情况的有作证的义务。  \n11、应当如实地提供证据、证言，有意作伪证或者隐匿罪证应负相应的法律责任。  \n问：以上权利与义务你是否清楚？  \n答：清楚了。  \n问：我们是湖南省衡阳市公安局蒸湘区分局红湘街道派出所的民警（出示证件），现依法对你进行询问。你应当如实回答我们的询问并协助调查，以上内容你是否已听清楚？  \n答：听清楚了。  \n问：你是否申请我们民警回避？  \n答：不申请。  \n问：你今天来我们公安机关何事？  \n答：我来报案，我在网上被骗了152.5万元。  \n问：请你详细叙述一下事情的经过？  \n答：好的。一月初的时候我接到一个电话，电话号码是17612345678，对方问我是不是做股票的，我说是的。然后她说她有一个股票拉升的项目，每月收益平均在30%-70%的样子，如果最后收益在30%-70%之间，要给对方返利30%；如果最后收益在70%-100%之间，要给对方返利35%；如果最后收益100%以上，要给对方返利50%。然后她也加了我微信，她在微信上跟我说让我下载一个APP“说盒”，“说盒”是一个聊天软件，她让我在“说盒”上加她为好友，她在说盒上的账号是“黄宁”。之后她在“说盒”上把我拉进了他们公司的群，群名是“A【东兴四季度拉升操作群】”，群里每天都会发一些成功案例，比如投资了多少钱、盈利了多少钱、偶尔也会发亏损多少钱。每天下午一点半，会有他们公司的讲师在群里直播讲授一些股票知识，每天下午两点会公布股票代码，让我们去购买，我们购买成功后让我们把购买明细发在群里，然后晚上七点半-八点半之间又会有讲师在群里直播，让我们在群里报备第二天要买多少钱股票。具体购买股票都在“东兴机构版”这个APP里面操作，每天下午两点半买入，然后第二天早上九点半抛掉。购买时需要先在“东兴机构版”里跟客服说购买多少钱，然后客服会告诉我一个口令，然后我在“东兴机构版”的“银证转入”这个模块里输入这个口令，就会跳出一个银行账号，我再用我的手机银行向这个银行账号转账，转账成功后“东兴机构版”里就会显示我的总资产。我最开始都是盈利的，所以我也想多投入点多赚一点。  \n问：跟你联系的人的电话是多少？  \n答：她一共用两个号码给我打过电话，分别是17612345678、18012345678。  \n问：跟你联系的人的信息你知道吗？  \n答：她只告诉我她叫黄宁。  \n问：黄宁的微信号是多少？  \n答：她有两个微信，一个微信号是dxzqhn55，昵称是“投顾 - 黄宁R”；一个微信号是HuangNing8879，昵称是“黄宁宁”。  \n问：黄宁在“说盒”里的账号是什么？  \n答：账号是“huangning”，昵称是“投顾黄宁”。  \n问：你在“说盒”里的账号是什么？  \n答：我的账号是@sh_ltggtcvsom5m，昵称是“俊哥”。  \n问：你在“东兴机构版”里的账号是什么？  \n答：账号是“13812345678”，昵称是“张三”。  \n问：你是如何下载“说盒”这个app的？  \n答：我是在手机应用商店里直接搜索下载的。  \n问：你是如何下载“东兴机构版”这个app的？  \n答：黄宁在“说盒”里给了我一个网址，我通过这个网址下载的。这个网址是：https://106.14.162.105/wap  \n问：你一共给对方转账了多少笔，每笔转账的时间、你的账号及开户行、对方的账号及开户行、转账金额、交易流水号分别是什么?  \n答：我一共转账了19笔，分别用我的4张银行卡转出的，银行卡的账户名都是我本人张三。第一张卡是长沙银行623061571020503202（开户行是长沙银行衡阳支行），于2024年1月16日14时58分07秒，向中国银行105028889989（衡阳林杰商贸有限公司）转账46000元。第二张卡是湖南农村商业银行6230910199147999292（开户行是衡阳农商银行界牌支行），共转账10笔，转账时间及对方账户信息分别是：2024年1月17日09时30分55秒，中国银行，105028889989（衡阳林杰商贸有限公司），54000元；2024年1月18日15时26分08秒，中国银行，105028889989（衡阳林杰商贸有限公司），50000元；2024年1月18日15时47分21秒，中国银行，105028889989（衡阳林杰商贸有限公司），50000元；2024年1月22日09时51分45秒，中国银行，254685083171（衡阳东顺物流有限公司），90000元；2024年1月23日09时47分51秒，衡阳德商村镇银行，201000227918007（衡阳寻觅软装装饰材料有限公司），80000元；2024年1月23日10时23分02秒，衡阳德商村镇银行，201000227918007（衡阳寻觅软装装饰材料有限公司），110000元；2024年1月23日10时43分57秒，衡阳德商村镇银行，201000227918007（衡阳寻觅软装装饰材料有限公司），120000元；2024年1月26日13时12分54秒，衡阳德商村镇银行，201000227918007（衡阳寻觅软装装饰材料有限公司），80000元；2024年1月26日13时23分18秒，衡阳德商村镇银行，201000227918007（衡阳寻觅软装装饰材料有限公司），78000元；2024年1月26日13时36分33秒，衡阳德商村镇银行，201000227918007（衡阳寻觅软装装饰材料有限公司），72000元。第三张卡是深圳发展银行6214180200002757416（开户行是深圳发展银行衡阳衡阳支行），共转账3笔，转账时间及对方账户信息分别是：2024年1月24日15时25分59秒，衡阳余杭德商村镇银行，201000227918007（衡阳寻觅软装装饰材料有限公司），70000元；2024年1月25日09时12分49秒，衡阳余杭德商村镇银行，201000227918007（衡阳寻觅软装装饰材料有限公司），70000元；2024年1月25日09时29分14秒，衡阳余杭德商村镇银行，201000227918007（衡阳寻觅软装装饰材料有限公司），60000元。第四张卡是中国邮政储蓄银行6210983310016187661（开户行是衡阳市衡阳县支行），共转账5笔，转账时间及对方账户信息分别是：2024年1月27日13时28分25秒，武汉银行，18010000001733629（衡阳初作装饰设计有限公司），90000元；2024年1月27日13时41分26秒，武汉银行，18010000001733629（衡阳初作装饰设计有限公司），110000元；2024年1月27日13时55分10秒，武汉银行，18010000001733629（衡阳初作装饰设计有限公司），90000元；2024年1月27日14时24分28秒，武汉银行，18010000001733629（衡阳初作装饰设计有限公司），100000元；2024年1月27日14时49分39秒，武汉银行，18010000001733629（衡阳初作装饰设计有限公司），105000元。  \n问：你总计转出多少钱？  \n答：一共是152.5万元。  \n问：事情发生的时间？  \n答：是2024年1月16日至2024年1月27日。  \n问：事情发生的地点？  \n答：有些是在我家里湖南省衡阳市蒸湘区钱锦花园6幢901室转账的，有些是在湖南省衡阳市衡阳县界牌长溪村38号家里转账的，具体我也记不太清了。  \n问：你是否提现过？  \n答：我一共提现过3笔，共计21560元。提现都是提到我的长沙银行623061571020503202（户名是张三，开户行是长沙银行衡阳支行）的卡，具体分别是：2024年1月19日09时24分01秒提现980元，对方户名是广州娇然生物科技有限公司；2024年1月22日09时33分57秒提现8820元，对方户名是广州柯景电子商务有限公司；2024年1月26日11时21分37秒提现11760元，对方户名是抚州茂时科技有限公司。对方具体账号我在手机银行app里看不到。  \n问：你是否接受过反诈宣传？  \n答：小区里有张贴反诈宣传海报，但是我没有认真看。  \n问：你是否还有什么要补充的？  \n答：没有了。  \n问：你以上所述是否属实？  \n答：属实的。\n', 'xwcs': 4, 'bllx': 'BL', 'ywbh': 'AJ20250524001', 'ywmc': '诈骗案件', 'ajlx': '故意伤害', 'zbdw_mc': '杭州公安局余杭区派出所', 'ryxm': '张三', 'zjhm': '432501196010010017', 'kssj': datetime.datetime(2025, 3, 15, 12, 0)}
2025-06-04 16:34:38.843 | INFO     | app.api.v1.case.case_ex_temp:background_case_analysis_request_post:107 - 开始临时提取=============
2025-06-04 16:34:38.889 | INFO     | app.api.v1.case.case_ex_temp:background_case_analysis_request_post:87 - 开始临时提取=============
2025-06-04 16:34:38.889 | INFO     | app.api.v1.case.case_ex_temp:background_case_analysis_request_post:88 - {'id': 101, 'xwlx': '询问', 'xwnr': '询问笔录第\u30001\u3000次  \n时间 2024年02月01日17时18分 至2024年02月01日18时39分  \n地点 湖南省衡阳市蒸湘区红湘街道派出所接警大厅  \n询问人 阙黎涛      湖南省衡阳市公安局蒸湘区分局红湘街道派出所  \n章鑫宇     湖南省衡阳市公安局蒸湘区分局红湘街道派出所  \n记录人 章鑫宇     湖南省衡阳市公安局蒸湘区分局红湘街道派出所  \n被 询问 人 张三  \n性别 男  \n年龄 48岁  \n出生日期 1974年04月23日  \n身份证件种类及号码 居民身份证        430404197404231214  \n联系方式 13812345678  \n民族 汉族  \n政治面貌 群众  \n是否人大代表 否  \n文化程度 初中毕业  \n工作单位 房产中介  \n现住址 湖南省衡阳市蒸湘区红湘街道钱锦花园6幢901室  \n户籍所在地 湖南省衡阳市衡阳县界牌镇长溪村３组长青３８号  \n根据《中华人民共和国刑事诉讼法》的相关规定，在公安机关对案件进行侦查期间，被害人有如下权利和义务：  \n1、不通晓当地通用的语言文字时有权要求配备翻译人员，有权用本民族语言文字进行诉讼。  \n2、对于公安机关及其侦查人员侵犯其诉讼权利或者进行人身侮辱的行为，有权提出申诉或者控告。  \n3、因在诉讼中作证，人身安全面临危险的，可以向公安机关请求对本人或其近亲属予以保护。  \n4、对于侦查人员、鉴定人、记录人、翻译人员有下列情形之一的，被害人及其法定代理人有权申请回避：  \n（一）是本案的当事人或者是当事人的近亲属的；  \n（二）本人或者他的近亲属和本案有利害关系的；  \n（三）担任过本案的证人、鉴定人、辩护人、诉讼代理人的；  \n（四）与本案当事人有其他关系，可能影响公正处理案件的。对驳回申请回避的决定，可以申请复议一次。  \n5、有权核对询问笔录。如果记载有遗漏或者差错，有权提出补充或者改正，经核对无误后，应当在询问笔录上逐页签名、捺指印。有权自行书写亲笔证词。  \n6、未满18周岁的被害人在接受询问时有权要求通知其法定代理人到场。  \n7、由于被告人的犯罪行为而遭受物质损失的，有权提起附带民事诉讼。  \n8、公安机关对被害人的报案作出不予立案决定的，被害人如果不服，可以申请复议、复核。被害人认为公安机关对应当立案侦查的案件而不立案侦查的，有权向人民检察院提出。  \n9、有权知道用作证据的鉴定意见的内容，可以申请补充鉴定或重新鉴定  \n10、知道案件情况的有作证的义务。  \n11、应当如实地提供证据、证言，有意作伪证或者隐匿罪证应负相应的法律责任。  \n问：以上权利与义务你是否清楚？  \n答：清楚了。  \n问：我们是湖南省衡阳市公安局蒸湘区分局红湘街道派出所的民警（出示证件），现依法对你进行询问。你应当如实回答我们的询问并协助调查，以上内容你是否已听清楚？  \n答：听清楚了。  \n问：你是否申请我们民警回避？  \n答：不申请。  \n问：你今天来我们公安机关何事？  \n答：我来报案，我在网上被骗了152.5万元。  \n问：请你详细叙述一下事情的经过？  \n答：好的。一月初的时候我接到一个电话，电话号码是17612345678，对方问我是不是做股票的，我说是的。然后她说她有一个股票拉升的项目，每月收益平均在30%-70%的样子，如果最后收益在30%-70%之间，要给对方返利30%；如果最后收益在70%-100%之间，要给对方返利35%；如果最后收益100%以上，要给对方返利50%。然后她也加了我微信，她在微信上跟我说让我下载一个APP“说盒”，“说盒”是一个聊天软件，她让我在“说盒”上加她为好友，她在说盒上的账号是“黄宁”。之后她在“说盒”上把我拉进了他们公司的群，群名是“A【东兴四季度拉升操作群】”，群里每天都会发一些成功案例，比如投资了多少钱、盈利了多少钱、偶尔也会发亏损多少钱。每天下午一点半，会有他们公司的讲师在群里直播讲授一些股票知识，每天下午两点会公布股票代码，让我们去购买，我们购买成功后让我们把购买明细发在群里，然后晚上七点半-八点半之间又会有讲师在群里直播，让我们在群里报备第二天要买多少钱股票。具体购买股票都在“东兴机构版”这个APP里面操作，每天下午两点半买入，然后第二天早上九点半抛掉。购买时需要先在“东兴机构版”里跟客服说购买多少钱，然后客服会告诉我一个口令，然后我在“东兴机构版”的“银证转入”这个模块里输入这个口令，就会跳出一个银行账号，我再用我的手机银行向这个银行账号转账，转账成功后“东兴机构版”里就会显示我的总资产。我最开始都是盈利的，所以我也想多投入点多赚一点。  \n问：跟你联系的人的电话是多少？  \n答：她一共用两个号码给我打过电话，分别是17612345678、18012345678。  \n问：跟你联系的人的信息你知道吗？  \n答：她只告诉我她叫黄宁。  \n问：黄宁的微信号是多少？  \n答：她有两个微信，一个微信号是dxzqhn55，昵称是“投顾 - 黄宁R”；一个微信号是HuangNing8879，昵称是“黄宁宁”。  \n问：黄宁在“说盒”里的账号是什么？  \n答：账号是“huangning”，昵称是“投顾黄宁”。  \n问：你在“说盒”里的账号是什么？  \n答：我的账号是@sh_ltggtcvsom5m，昵称是“俊哥”。  \n问：你在“东兴机构版”里的账号是什么？  \n答：账号是“13812345678”，昵称是“张三”。  \n问：你是如何下载“说盒”这个app的？  \n答：我是在手机应用商店里直接搜索下载的。  \n问：你是如何下载“东兴机构版”这个app的？  \n答：黄宁在“说盒”里给了我一个网址，我通过这个网址下载的。这个网址是：https://106.14.162.105/wap  \n问：你一共给对方转账了多少笔，每笔转账的时间、你的账号及开户行、对方的账号及开户行、转账金额、交易流水号分别是什么?  \n答：我一共转账了19笔，分别用我的4张银行卡转出的，银行卡的账户名都是我本人张三。第一张卡是长沙银行623061571020503202（开户行是长沙银行衡阳支行），于2024年1月16日14时58分07秒，向中国银行105028889989（衡阳林杰商贸有限公司）转账46000元。第二张卡是湖南农村商业银行6230910199147999292（开户行是衡阳农商银行界牌支行），共转账10笔，转账时间及对方账户信息分别是：2024年1月17日09时30分55秒，中国银行，105028889989（衡阳林杰商贸有限公司），54000元；2024年1月18日15时26分08秒，中国银行，105028889989（衡阳林杰商贸有限公司），50000元；2024年1月18日15时47分21秒，中国银行，105028889989（衡阳林杰商贸有限公司），50000元；2024年1月22日09时51分45秒，中国银行，254685083171（衡阳东顺物流有限公司），90000元；2024年1月23日09时47分51秒，衡阳德商村镇银行，201000227918007（衡阳寻觅软装装饰材料有限公司），80000元；2024年1月23日10时23分02秒，衡阳德商村镇银行，201000227918007（衡阳寻觅软装装饰材料有限公司），110000元；2024年1月23日10时43分57秒，衡阳德商村镇银行，201000227918007（衡阳寻觅软装装饰材料有限公司），120000元；2024年1月26日13时12分54秒，衡阳德商村镇银行，201000227918007（衡阳寻觅软装装饰材料有限公司），80000元；2024年1月26日13时23分18秒，衡阳德商村镇银行，201000227918007（衡阳寻觅软装装饰材料有限公司），78000元；2024年1月26日13时36分33秒，衡阳德商村镇银行，201000227918007（衡阳寻觅软装装饰材料有限公司），72000元。第三张卡是深圳发展银行6214180200002757416（开户行是深圳发展银行衡阳衡阳支行），共转账3笔，转账时间及对方账户信息分别是：2024年1月24日15时25分59秒，衡阳余杭德商村镇银行，201000227918007（衡阳寻觅软装装饰材料有限公司），70000元；2024年1月25日09时12分49秒，衡阳余杭德商村镇银行，201000227918007（衡阳寻觅软装装饰材料有限公司），70000元；2024年1月25日09时29分14秒，衡阳余杭德商村镇银行，201000227918007（衡阳寻觅软装装饰材料有限公司），60000元。第四张卡是中国邮政储蓄银行6210983310016187661（开户行是衡阳市衡阳县支行），共转账5笔，转账时间及对方账户信息分别是：2024年1月27日13时28分25秒，武汉银行，18010000001733629（衡阳初作装饰设计有限公司），90000元；2024年1月27日13时41分26秒，武汉银行，18010000001733629（衡阳初作装饰设计有限公司），110000元；2024年1月27日13时55分10秒，武汉银行，18010000001733629（衡阳初作装饰设计有限公司），90000元；2024年1月27日14时24分28秒，武汉银行，18010000001733629（衡阳初作装饰设计有限公司），100000元；2024年1月27日14时49分39秒，武汉银行，18010000001733629（衡阳初作装饰设计有限公司），105000元。  \n问：你总计转出多少钱？  \n答：一共是152.5万元。  \n问：事情发生的时间？  \n答：是2024年1月16日至2024年1月27日。  \n问：事情发生的地点？  \n答：有些是在我家里湖南省衡阳市蒸湘区钱锦花园6幢901室转账的，有些是在湖南省衡阳市衡阳县界牌长溪村38号家里转账的，具体我也记不太清了。  \n问：你是否提现过？  \n答：我一共提现过3笔，共计21560元。提现都是提到我的长沙银行623061571020503202（户名是张三，开户行是长沙银行衡阳支行）的卡，具体分别是：2024年1月19日09时24分01秒提现980元，对方户名是广州娇然生物科技有限公司；2024年1月22日09时33分57秒提现8820元，对方户名是广州柯景电子商务有限公司；2024年1月26日11时21分37秒提现11760元，对方户名是抚州茂时科技有限公司。对方具体账号我在手机银行app里看不到。  \n问：你是否接受过反诈宣传？  \n答：小区里有张贴反诈宣传海报，但是我没有认真看。  \n问：你是否还有什么要补充的？  \n答：没有了。  \n问：你以上所述是否属实？  \n答：属实的。\n', 'xwcs': 2, 'bllx': 'BL', 'ywbh': 'AJ20250524001', 'ywmc': '诈骗案件', 'ajlx': '聚众斗殴', 'zbdw_mc': '杭州公安局余杭区派出所', 'ryxm': '张三', 'zjhm': '432501196010010017', 'kssj': datetime.datetime(2025, 3, 15, 12, 0)}
2025-06-04 16:34:38.891 | INFO     | app.api.v1.case.case_ex_temp:background_case_analysis_request_post:107 - 开始临时提取=============
2025-06-04 16:34:38.900 | INFO     | app.api.v1.case.case_ex_temp:background_case_analysis_request_post:87 - 开始临时提取=============
2025-06-04 16:34:38.900 | INFO     | app.api.v1.case.case_ex_temp:background_case_analysis_request_post:88 - {'id': 102, 'xwlx': '询问', 'xwnr': '询问笔录第\u30001\u3000次  \n时间 2024年02月01日17时18分 至2024年02月01日18时39分  \n地点 湖南省衡阳市蒸湘区红湘街道派出所接警大厅  \n询问人 阙黎涛      湖南省衡阳市公安局蒸湘区分局红湘街道派出所  \n章鑫宇     湖南省衡阳市公安局蒸湘区分局红湘街道派出所  \n记录人 章鑫宇     湖南省衡阳市公安局蒸湘区分局红湘街道派出所  \n被 询问 人 张三  \n性别 男  \n年龄 48岁  \n出生日期 1974年04月23日  \n身份证件种类及号码 居民身份证        430404197404231214  \n联系方式 13812345678  \n民族 汉族  \n政治面貌 群众  \n是否人大代表 否  \n文化程度 初中毕业  \n工作单位 房产中介  \n现住址 湖南省衡阳市蒸湘区红湘街道钱锦花园6幢901室  \n户籍所在地 湖南省衡阳市衡阳县界牌镇长溪村３组长青３８号  \n根据《中华人民共和国刑事诉讼法》的相关规定，在公安机关对案件进行侦查期间，被害人有如下权利和义务：  \n1、不通晓当地通用的语言文字时有权要求配备翻译人员，有权用本民族语言文字进行诉讼。  \n2、对于公安机关及其侦查人员侵犯其诉讼权利或者进行人身侮辱的行为，有权提出申诉或者控告。  \n3、因在诉讼中作证，人身安全面临危险的，可以向公安机关请求对本人或其近亲属予以保护。  \n4、对于侦查人员、鉴定人、记录人、翻译人员有下列情形之一的，被害人及其法定代理人有权申请回避：  \n（一）是本案的当事人或者是当事人的近亲属的；  \n（二）本人或者他的近亲属和本案有利害关系的；  \n（三）担任过本案的证人、鉴定人、辩护人、诉讼代理人的；  \n（四）与本案当事人有其他关系，可能影响公正处理案件的。对驳回申请回避的决定，可以申请复议一次。  \n5、有权核对询问笔录。如果记载有遗漏或者差错，有权提出补充或者改正，经核对无误后，应当在询问笔录上逐页签名、捺指印。有权自行书写亲笔证词。  \n6、未满18周岁的被害人在接受询问时有权要求通知其法定代理人到场。  \n7、由于被告人的犯罪行为而遭受物质损失的，有权提起附带民事诉讼。  \n8、公安机关对被害人的报案作出不予立案决定的，被害人如果不服，可以申请复议、复核。被害人认为公安机关对应当立案侦查的案件而不立案侦查的，有权向人民检察院提出。  \n9、有权知道用作证据的鉴定意见的内容，可以申请补充鉴定或重新鉴定  \n10、知道案件情况的有作证的义务。  \n11、应当如实地提供证据、证言，有意作伪证或者隐匿罪证应负相应的法律责任。  \n问：以上权利与义务你是否清楚？  \n答：清楚了。  \n问：我们是湖南省衡阳市公安局蒸湘区分局红湘街道派出所的民警（出示证件），现依法对你进行询问。你应当如实回答我们的询问并协助调查，以上内容你是否已听清楚？  \n答：听清楚了。  \n问：你是否申请我们民警回避？  \n答：不申请。  \n问：你今天来我们公安机关何事？  \n答：我来报案，我在网上被骗了152.5万元。  \n问：请你详细叙述一下事情的经过？  \n答：好的。一月初的时候我接到一个电话，电话号码是17612345678，对方问我是不是做股票的，我说是的。然后她说她有一个股票拉升的项目，每月收益平均在30%-70%的样子，如果最后收益在30%-70%之间，要给对方返利30%；如果最后收益在70%-100%之间，要给对方返利35%；如果最后收益100%以上，要给对方返利50%。然后她也加了我微信，她在微信上跟我说让我下载一个APP“说盒”，“说盒”是一个聊天软件，她让我在“说盒”上加她为好友，她在说盒上的账号是“黄宁”。之后她在“说盒”上把我拉进了他们公司的群，群名是“A【东兴四季度拉升操作群】”，群里每天都会发一些成功案例，比如投资了多少钱、盈利了多少钱、偶尔也会发亏损多少钱。每天下午一点半，会有他们公司的讲师在群里直播讲授一些股票知识，每天下午两点会公布股票代码，让我们去购买，我们购买成功后让我们把购买明细发在群里，然后晚上七点半-八点半之间又会有讲师在群里直播，让我们在群里报备第二天要买多少钱股票。具体购买股票都在“东兴机构版”这个APP里面操作，每天下午两点半买入，然后第二天早上九点半抛掉。购买时需要先在“东兴机构版”里跟客服说购买多少钱，然后客服会告诉我一个口令，然后我在“东兴机构版”的“银证转入”这个模块里输入这个口令，就会跳出一个银行账号，我再用我的手机银行向这个银行账号转账，转账成功后“东兴机构版”里就会显示我的总资产。我最开始都是盈利的，所以我也想多投入点多赚一点。  \n问：跟你联系的人的电话是多少？  \n答：她一共用两个号码给我打过电话，分别是17612345678、18012345678。  \n问：跟你联系的人的信息你知道吗？  \n答：她只告诉我她叫黄宁。  \n问：黄宁的微信号是多少？  \n答：她有两个微信，一个微信号是dxzqhn55，昵称是“投顾 - 黄宁R”；一个微信号是HuangNing8879，昵称是“黄宁宁”。  \n问：黄宁在“说盒”里的账号是什么？  \n答：账号是“huangning”，昵称是“投顾黄宁”。  \n问：你在“说盒”里的账号是什么？  \n答：我的账号是@sh_ltggtcvsom5m，昵称是“俊哥”。  \n问：你在“东兴机构版”里的账号是什么？  \n答：账号是“13812345678”，昵称是“张三”。  \n问：你是如何下载“说盒”这个app的？  \n答：我是在手机应用商店里直接搜索下载的。  \n问：你是如何下载“东兴机构版”这个app的？  \n答：黄宁在“说盒”里给了我一个网址，我通过这个网址下载的。这个网址是：https://106.14.162.105/wap  \n问：你一共给对方转账了多少笔，每笔转账的时间、你的账号及开户行、对方的账号及开户行、转账金额、交易流水号分别是什么?  \n答：我一共转账了19笔，分别用我的4张银行卡转出的，银行卡的账户名都是我本人张三。第一张卡是长沙银行623061571020503202（开户行是长沙银行衡阳支行），于2024年1月16日14时58分07秒，向中国银行105028889989（衡阳林杰商贸有限公司）转账46000元。第二张卡是湖南农村商业银行6230910199147999292（开户行是衡阳农商银行界牌支行），共转账10笔，转账时间及对方账户信息分别是：2024年1月17日09时30分55秒，中国银行，105028889989（衡阳林杰商贸有限公司），54000元；2024年1月18日15时26分08秒，中国银行，105028889989（衡阳林杰商贸有限公司），50000元；2024年1月18日15时47分21秒，中国银行，105028889989（衡阳林杰商贸有限公司），50000元；2024年1月22日09时51分45秒，中国银行，254685083171（衡阳东顺物流有限公司），90000元；2024年1月23日09时47分51秒，衡阳德商村镇银行，201000227918007（衡阳寻觅软装装饰材料有限公司），80000元；2024年1月23日10时23分02秒，衡阳德商村镇银行，201000227918007（衡阳寻觅软装装饰材料有限公司），110000元；2024年1月23日10时43分57秒，衡阳德商村镇银行，201000227918007（衡阳寻觅软装装饰材料有限公司），120000元；2024年1月26日13时12分54秒，衡阳德商村镇银行，201000227918007（衡阳寻觅软装装饰材料有限公司），80000元；2024年1月26日13时23分18秒，衡阳德商村镇银行，201000227918007（衡阳寻觅软装装饰材料有限公司），78000元；2024年1月26日13时36分33秒，衡阳德商村镇银行，201000227918007（衡阳寻觅软装装饰材料有限公司），72000元。第三张卡是深圳发展银行6214180200002757416（开户行是深圳发展银行衡阳衡阳支行），共转账3笔，转账时间及对方账户信息分别是：2024年1月24日15时25分59秒，衡阳余杭德商村镇银行，201000227918007（衡阳寻觅软装装饰材料有限公司），70000元；2024年1月25日09时12分49秒，衡阳余杭德商村镇银行，201000227918007（衡阳寻觅软装装饰材料有限公司），70000元；2024年1月25日09时29分14秒，衡阳余杭德商村镇银行，201000227918007（衡阳寻觅软装装饰材料有限公司），60000元。第四张卡是中国邮政储蓄银行6210983310016187661（开户行是衡阳市衡阳县支行），共转账5笔，转账时间及对方账户信息分别是：2024年1月27日13时28分25秒，武汉银行，18010000001733629（衡阳初作装饰设计有限公司），90000元；2024年1月27日13时41分26秒，武汉银行，18010000001733629（衡阳初作装饰设计有限公司），110000元；2024年1月27日13时55分10秒，武汉银行，18010000001733629（衡阳初作装饰设计有限公司），90000元；2024年1月27日14时24分28秒，武汉银行，18010000001733629（衡阳初作装饰设计有限公司），100000元；2024年1月27日14时49分39秒，武汉银行，18010000001733629（衡阳初作装饰设计有限公司），105000元。  \n问：你总计转出多少钱？  \n答：一共是152.5万元。  \n问：事情发生的时间？  \n答：是2024年1月16日至2024年1月27日。  \n问：事情发生的地点？  \n答：有些是在我家里湖南省衡阳市蒸湘区钱锦花园6幢901室转账的，有些是在湖南省衡阳市衡阳县界牌长溪村38号家里转账的，具体我也记不太清了。  \n问：你是否提现过？  \n答：我一共提现过3笔，共计21560元。提现都是提到我的长沙银行623061571020503202（户名是张三，开户行是长沙银行衡阳支行）的卡，具体分别是：2024年1月19日09时24分01秒提现980元，对方户名是广州娇然生物科技有限公司；2024年1月22日09时33分57秒提现8820元，对方户名是广州柯景电子商务有限公司；2024年1月26日11时21分37秒提现11760元，对方户名是抚州茂时科技有限公司。对方具体账号我在手机银行app里看不到。  \n问：你是否接受过反诈宣传？  \n答：小区里有张贴反诈宣传海报，但是我没有认真看。  \n问：你是否还有什么要补充的？  \n答：没有了。  \n问：你以上所述是否属实？  \n答：属实的。\n', 'xwcs': 5, 'bllx': 'BL', 'ywbh': 'AJ20250524001', 'ywmc': '诈骗案件', 'ajlx': '交通肇事', 'zbdw_mc': '杭州公安局余杭区派出所', 'ryxm': '张三', 'zjhm': '432501196010010017', 'kssj': datetime.datetime(2025, 3, 15, 12, 0)}
2025-06-04 16:34:38.902 | INFO     | app.api.v1.case.case_ex_temp:background_case_analysis_request_post:107 - 开始临时提取=============
2025-06-04 16:34:38.977 | INFO     | app.api.v1.case.case_ex_temp:_async_send_request:363 - 调用成功, 任务id: 7f826f4f-3afd-438a-8eac-47d726b48a4e
2025-06-04 16:34:38.978 | INFO     | app.api.v1.case.case_ex_temp:_async_send_request:363 - 调用成功, 任务id: 4c924506-2865-488e-853f-b36997a779af
2025-06-04 16:34:38.978 | INFO     | app.api.v1.case.case_ex_temp:_async_send_request:363 - 调用成功, 任务id: 3e466341-cb40-48eb-8dc7-98f6c89cdc37
2025-06-04 16:34:38.979 | INFO     | app.api.v1.case.case_ex_temp:_async_send_request:363 - 调用成功, 任务id: ffee9a1f-e2ed-4f1d-8953-78b54dc7389c
2025-06-04 16:34:38.980 | INFO     | app.api.v1.case.case_ex_temp:_async_send_request:363 - 调用成功, 任务id: c8fc9938-ce4e-434f-a361-a09572920e9f
2025-06-04 16:37:00.995 | INFO     | app.api.v1.case.case_ex_temp:background_case_analysis_request_post:73 - <class 'NoneType'>
2025-06-04 16:37:01.005 | INFO     | app.api.v1.case.case_ex_temp:background_case_analysis_request_post:73 - <class 'NoneType'>
2025-06-04 16:37:01.015 | INFO     | app.api.v1.case.case_ex_temp:background_case_analysis_request_post:73 - <class 'NoneType'>
2025-06-04 16:37:01.056 | INFO     | app.api.v1.case.case_ex_temp:background_case_analysis_request_post:73 - <class 'NoneType'>
2025-06-04 16:37:01.066 | INFO     | app.api.v1.case.case_ex_temp:background_case_analysis_request_post:73 - <class 'NoneType'>
2025-06-04 16:37:01.139 | INFO     | app.api.v1.case.case_ex_temp:_async_send_request:361 - 调用成功, 任务id: 5c5ab326-8446-4c5b-aedb-93f7ca5b3c39
2025-06-04 16:37:01.140 | INFO     | app.api.v1.case.case_ex_temp:_async_send_request:361 - 调用成功, 任务id: c12a7374-f6eb-41cd-a530-132fdf94b2e6
2025-06-04 16:37:01.141 | INFO     | app.api.v1.case.case_ex_temp:_async_send_request:361 - 调用成功, 任务id: 38fd737c-b73b-42a4-b634-35f882dbb7c4
2025-06-04 16:37:01.141 | INFO     | app.api.v1.case.case_ex_temp:_async_send_request:361 - 调用成功, 任务id: 08370192-042d-44c8-b071-6bc2c934a381
2025-06-04 16:37:01.142 | INFO     | app.api.v1.case.case_ex_temp:_async_send_request:361 - 调用成功, 任务id: bf78ad02-8a0f-4030-b90a-cd66debddaa0
2025-06-04 16:39:09.774 | INFO     | app.api.v1.case.case_ex_temp:background_case_analysis_request_post:73 - <class 'NoneType'>
2025-06-04 16:39:09.785 | INFO     | app.api.v1.case.case_ex_temp:background_case_analysis_request_post:73 - <class 'NoneType'>
2025-06-04 16:39:09.831 | INFO     | app.api.v1.case.case_ex_temp:background_case_analysis_request_post:73 - <class 'NoneType'>
2025-06-04 16:39:09.842 | INFO     | app.api.v1.case.case_ex_temp:background_case_analysis_request_post:73 - <class 'NoneType'>
2025-06-04 16:39:09.853 | INFO     | app.api.v1.case.case_ex_temp:background_case_analysis_request_post:73 - <class 'NoneType'>
2025-06-04 16:39:09.920 | INFO     | app.api.v1.case.case_ex_temp:_async_send_request:361 - 调用成功, 任务id: 1eb00e9b-a380-49a1-9cd8-6d303b894bcf
2025-06-04 16:39:09.920 | INFO     | app.api.v1.case.case_ex_temp:_async_send_request:361 - 调用成功, 任务id: 51e36d2c-8edd-48dd-b32f-d919273591c2
2025-06-04 16:39:09.922 | INFO     | app.api.v1.case.case_ex_temp:_async_send_request:361 - 调用成功, 任务id: 41fa497a-29e6-4ce9-b929-ac07ec33f1db
2025-06-04 16:39:09.922 | INFO     | app.api.v1.case.case_ex_temp:_async_send_request:361 - 调用成功, 任务id: 4736c800-3b79-4b01-828a-bed92b840ace
2025-06-04 16:39:09.923 | INFO     | app.api.v1.case.case_ex_temp:_async_send_request:361 - 调用成功, 任务id: 5bb0bf6f-a7e8-4c6c-8d8b-b6c3c573a698
2025-06-04 16:58:05.904 | INFO     | app.api.v1.case.case_ex_temp:background_case_analysis_request_post:73 - <class 'NoneType'>
2025-06-04 16:58:05.914 | INFO     | app.api.v1.case.case_ex_temp:background_case_analysis_request_post:73 - <class 'NoneType'>
2025-06-04 16:58:05.955 | INFO     | app.api.v1.case.case_ex_temp:background_case_analysis_request_post:73 - <class 'NoneType'>
2025-06-04 16:58:05.964 | INFO     | app.api.v1.case.case_ex_temp:background_case_analysis_request_post:73 - <class 'NoneType'>
2025-06-04 16:58:05.973 | INFO     | app.api.v1.case.case_ex_temp:background_case_analysis_request_post:73 - <class 'NoneType'>
2025-06-04 16:58:06.047 | INFO     | app.api.v1.case.case_ex_temp:_async_send_request:361 - 调用成功, 任务id: 8c807ac5-11ac-4564-b25b-0be9974b7b7e
2025-06-04 16:58:06.048 | INFO     | app.api.v1.case.case_ex_temp:_async_send_request:361 - 调用成功, 任务id: a1c6ad2d-67cc-451c-9c28-39e547093f57
2025-06-04 16:58:06.049 | INFO     | app.api.v1.case.case_ex_temp:_async_send_request:361 - 调用成功, 任务id: ec76d1f1-97b8-40f0-8bb4-cb9c7780baf7
2025-06-04 16:58:06.049 | INFO     | app.api.v1.case.case_ex_temp:_async_send_request:361 - 调用成功, 任务id: b19bba4f-703e-4b96-829f-9e354dc78f8f
2025-06-04 16:58:06.050 | INFO     | app.api.v1.case.case_ex_temp:_async_send_request:361 - 调用成功, 任务id: 8915d1df-8d2b-4e35-8021-265a31861b95
2025-06-04 17:07:32.328 | INFO     | app.api.v1.case.case_ex_temp:background_case_analysis_request_post:73 - <class 'int'>
2025-06-04 17:07:32.380 | INFO     | app.api.v1.case.case_ex_temp:background_case_analysis_request_post:73 - <class 'int'>
2025-06-04 17:07:32.430 | INFO     | app.api.v1.case.case_ex_temp:background_case_analysis_request_post:73 - <class 'int'>
2025-06-04 17:07:32.514 | INFO     | app.api.v1.case.case_ex_temp:background_case_analysis_request_post:73 - <class 'int'>
2025-06-04 17:07:32.571 | INFO     | app.api.v1.case.case_ex_temp:background_case_analysis_request_post:73 - <class 'int'>
2025-06-04 17:07:32.690 | INFO     | app.api.v1.case.case_ex_temp:_async_send_request:361 - 调用成功, 任务id: a016c453-3732-49a1-9ef3-a88d029de693
2025-06-04 17:07:32.706 | INFO     | app.api.v1.case.case_ex_temp:_async_send_request:361 - 调用成功, 任务id: ff07004d-6f44-42eb-8f72-a1d6ab4022db
2025-06-04 17:07:32.707 | INFO     | app.api.v1.case.case_ex_temp:_async_send_request:361 - 调用成功, 任务id: e0a578f8-3b6f-4e7f-85db-9fb453384c2d
2025-06-04 17:07:32.708 | INFO     | app.api.v1.case.case_ex_temp:_async_send_request:361 - 调用成功, 任务id: 0459b5a8-eb3c-4035-8ff7-de03b5132693
2025-06-04 17:07:32.708 | INFO     | app.api.v1.case.case_ex_temp:_async_send_request:361 - 调用成功, 任务id: b42add5a-2d5c-480b-b794-535bc0f22c89
2025-06-04 17:07:32.769 | INFO     | app.api.v1.case.case_ex_temp:receive_analysis_result:332 - 接收到大模型分析结果, 任务id: e0a578f8-3b6f-4e7f-85db-9fb453384c2d
2025-06-04 17:07:32.780 | INFO     | app.api.v1.case.case_ex_temp:receive_analysis_result:332 - 接收到大模型分析结果, 任务id: a016c453-3732-49a1-9ef3-a88d029de693
2025-06-04 17:13:32.220 | INFO     | app.api.v1.case.case_ex_temp:background_case_analysis_request_post:73 - <class 'int'>
2025-06-04 17:13:32.282 | INFO     | app.api.v1.case.case_ex_temp:background_case_analysis_request_post:73 - <class 'int'>
2025-06-04 17:13:32.342 | INFO     | app.api.v1.case.case_ex_temp:background_case_analysis_request_post:73 - <class 'int'>
2025-06-04 17:13:32.433 | INFO     | app.api.v1.case.case_ex_temp:background_case_analysis_request_post:73 - <class 'int'>
2025-06-04 17:13:32.493 | INFO     | app.api.v1.case.case_ex_temp:background_case_analysis_request_post:73 - <class 'int'>
2025-06-04 17:13:32.555 | INFO     | app.api.v1.case.case_ex_temp:_async_send_request:361 - 调用成功, 任务id: 14a9c20e-9abb-4eef-abb2-ea50a9870d14
2025-06-04 17:13:32.571 | INFO     | app.api.v1.case.case_ex_temp:_async_send_request:361 - 调用成功, 任务id: 64314c73-4080-47a4-a651-f53cc4d2d64b
2025-06-04 17:13:32.571 | INFO     | app.api.v1.case.case_ex_temp:_async_send_request:361 - 调用成功, 任务id: ff4017bc-43e0-4d98-82e7-bc47b9f48fac
2025-06-04 17:13:32.573 | INFO     | app.api.v1.case.case_ex_temp:_async_send_request:361 - 调用成功, 任务id: 871fe911-ae19-49f5-9cc4-0eae353c5ee6
2025-06-04 17:13:32.573 | INFO     | app.api.v1.case.case_ex_temp:_async_send_request:361 - 调用成功, 任务id: 71e24f1e-63ad-4fe4-8c7f-26ca96051312
2025-06-04 17:13:32.604 | INFO     | app.api.v1.case.case_ex_temp:receive_analysis_result:332 - 接收到大模型分析结果, 任务id: 14a9c20e-9abb-4eef-abb2-ea50a9870d14
2025-06-04 17:13:32.608 | INFO     | app.api.v1.case.case_ex_temp:receive_analysis_result:332 - 接收到大模型分析结果, 任务id: ff4017bc-43e0-4d98-82e7-bc47b9f48fac
2025-06-04 17:26:38.398 | INFO     | app.api.v1.case.case_ex_temp:background_case_analysis_request_post:73 - <class 'int'>
2025-06-04 17:26:38.458 | INFO     | app.api.v1.case.case_ex_temp:background_case_analysis_request_post:73 - <class 'int'>
2025-06-04 17:26:38.542 | INFO     | app.api.v1.case.case_ex_temp:background_case_analysis_request_post:73 - <class 'int'>
2025-06-04 17:26:38.603 | INFO     | app.api.v1.case.case_ex_temp:background_case_analysis_request_post:73 - <class 'int'>
2025-06-04 17:26:38.662 | INFO     | app.api.v1.case.case_ex_temp:background_case_analysis_request_post:73 - <class 'int'>
2025-06-04 17:26:38.730 | INFO     | app.api.v1.case.case_ex_temp:_async_send_request:361 - 调用成功, 任务id: 7755b692-d4e9-462a-bc6f-1a1188ef8479
2025-06-04 17:26:38.746 | INFO     | app.api.v1.case.case_ex_temp:_async_send_request:361 - 调用成功, 任务id: 224a0cad-3bca-43f0-8545-49dc48568a2b
2025-06-04 17:26:38.747 | INFO     | app.api.v1.case.case_ex_temp:_async_send_request:361 - 调用成功, 任务id: 1c052b16-bf53-4a60-a80d-3c2c873bacf4
2025-06-04 17:26:38.747 | INFO     | app.api.v1.case.case_ex_temp:_async_send_request:361 - 调用成功, 任务id: 383a9648-1324-4f31-925e-e1e21674291a
2025-06-04 17:26:38.748 | INFO     | app.api.v1.case.case_ex_temp:_async_send_request:361 - 调用成功, 任务id: 80501a38-261d-417b-8363-413ab554a12c
2025-06-04 17:26:38.774 | INFO     | app.api.v1.case.case_ex_temp:receive_analysis_result:332 - 接收到大模型分析结果, 任务id: 7755b692-d4e9-462a-bc6f-1a1188ef8479
2025-06-04 17:26:38.779 | INFO     | app.api.v1.case.case_ex_temp:receive_analysis_result:332 - 接收到大模型分析结果, 任务id: 383a9648-1324-4f31-925e-e1e21674291a
2025-06-04 17:27:39.902 | INFO     | app.api.v1.case.case_ex_temp:background_case_analysis_request_post:73 - <class 'int'>
2025-06-04 17:27:39.991 | INFO     | app.api.v1.case.case_ex_temp:background_case_analysis_request_post:73 - <class 'int'>
2025-06-04 17:27:40.043 | INFO     | app.api.v1.case.case_ex_temp:background_case_analysis_request_post:73 - <class 'int'>
2025-06-04 17:27:40.093 | INFO     | app.api.v1.case.case_ex_temp:background_case_analysis_request_post:73 - <class 'int'>
2025-06-04 17:27:40.145 | INFO     | app.api.v1.case.case_ex_temp:background_case_analysis_request_post:73 - <class 'int'>
2025-06-04 17:27:40.213 | INFO     | app.api.v1.case.case_ex_temp:_async_send_request:361 - 调用成功, 任务id: 4938d2cc-2d2d-417b-b7f0-d258edbbec27
2025-06-04 17:27:40.215 | INFO     | app.api.v1.case.case_ex_temp:_async_send_request:361 - 调用成功, 任务id: 5d5c3170-5490-424b-8092-bb7b4802db75
2025-06-04 17:27:40.215 | INFO     | app.api.v1.case.case_ex_temp:_async_send_request:361 - 调用成功, 任务id: 2b806c13-25c7-447c-82f0-ad3bfe7f55b3
2025-06-04 17:27:40.216 | INFO     | app.api.v1.case.case_ex_temp:_async_send_request:361 - 调用成功, 任务id: 464ca839-25d3-411a-a708-919e2a95771f
2025-06-04 17:27:40.217 | INFO     | app.api.v1.case.case_ex_temp:_async_send_request:361 - 调用成功, 任务id: 6fa39780-4c4a-4bbf-8b74-b45e02e1c42b
2025-06-04 17:27:40.252 | INFO     | app.api.v1.case.case_ex_temp:receive_analysis_result:332 - 接收到大模型分析结果, 任务id: 464ca839-25d3-411a-a708-919e2a95771f
2025-06-04 17:27:40.268 | INFO     | app.api.v1.case.case_ex_temp:receive_analysis_result:332 - 接收到大模型分析结果, 任务id: 2b806c13-25c7-447c-82f0-ad3bfe7f55b3
2025-06-04 17:34:41.259 | INFO     | app.api.v1.case.case_ex_temp:background_case_analysis_request_post:73 - <class 'int'>
2025-06-04 17:34:41.354 | INFO     | app.api.v1.case.case_ex_temp:background_case_analysis_request_post:73 - <class 'int'>
2025-06-04 17:34:41.419 | INFO     | app.api.v1.case.case_ex_temp:background_case_analysis_request_post:73 - <class 'int'>
2025-06-04 17:34:41.484 | INFO     | app.api.v1.case.case_ex_temp:background_case_analysis_request_post:73 - <class 'int'>
2025-06-04 17:34:41.537 | INFO     | app.api.v1.case.case_ex_temp:background_case_analysis_request_post:73 - <class 'int'>
2025-06-04 17:34:41.680 | INFO     | app.api.v1.case.case_ex_temp:_async_send_request:361 - 调用成功, 任务id: 44d38d47-8c66-4bed-ba11-5850f9d89752
2025-06-04 17:34:41.681 | INFO     | app.api.v1.case.case_ex_temp:_async_send_request:361 - 调用成功, 任务id: 3486d945-0dba-4b78-9f80-ce317f57bedf
2025-06-04 17:34:41.682 | INFO     | app.api.v1.case.case_ex_temp:_async_send_request:361 - 调用成功, 任务id: 26612271-270d-49ed-aa44-735804400b1e
2025-06-04 17:34:41.682 | INFO     | app.api.v1.case.case_ex_temp:_async_send_request:361 - 调用成功, 任务id: 19a6ee0c-e456-42a3-814c-a036cca2689d
2025-06-04 17:34:41.683 | INFO     | app.api.v1.case.case_ex_temp:_async_send_request:361 - 调用成功, 任务id: 00562498-91cb-47d1-8926-f90688da691b
2025-06-04 17:34:41.739 | INFO     | app.api.v1.case.case_ex_temp:receive_analysis_result:332 - 接收到大模型分析结果, 任务id: 26612271-270d-49ed-aa44-735804400b1e
2025-06-04 17:34:41.746 | INFO     | app.api.v1.case.case_ex_temp:receive_analysis_result:332 - 接收到大模型分析结果, 任务id: 44d38d47-8c66-4bed-ba11-5850f9d89752
2025-06-04 17:34:43.220 | INFO     | app.api.v1.case.case_ex_temp:receive_analysis_result:332 - 接收到大模型分析结果, 任务id: 3486d945-0dba-4b78-9f80-ce317f57bedf
2025-06-04 17:34:44.621 | INFO     | app.api.v1.case.case_ex_temp:receive_analysis_result:332 - 接收到大模型分析结果, 任务id: 00562498-91cb-47d1-8926-f90688da691b
2025-06-04 17:34:46.014 | INFO     | app.api.v1.case.case_ex_temp:receive_analysis_result:332 - 接收到大模型分析结果, 任务id: 19a6ee0c-e456-42a3-814c-a036cca2689d
2025-06-04 17:34:46.024 | INFO     | app.api.v1.case.case_ex_temp:background_case_analysis_result_recieve:260 - 合并分析结果
2025-06-04 17:34:46.031 | INFO     | app.api.v1.case.case_ex_temp:background_case_analysis_result_recieve:278 - [{'ajfl': {'big_type': '虚假网络投资理财类', 'small_type': '虚假投资理财'}, 'analysis_duration': 2.835728406906128, 'bilu_header': {'interviewee_name': '孙七', 'gender': '男', 'age': 38, 'birth_date': datetime.date(1987, 10, 2), 'id_number': '432501198710020017', 'household_registration': '湖南省娄底地区娄底市'}}, {'ajfl': {'big_type': '虚假网络投资理财类', 'small_type': '虚假投资理财'}, 'analysis_duration': 4.234311819076538, 'bilu_header': {'interviewee_name': '孙七', 'gender': '男', 'age': 38, 'birth_date': datetime.date(1987, 10, 2), 'id_number': '432501198710020017', 'household_registration': '湖南省娄底地区娄底市'}}, {'error': '字数太少,无需分析', 'analysis_duration': 0.0006933212280273438, 'bilu_header': {'interviewee_name': '孙七', 'gender': '男', 'age': 38, 'birth_date': datetime.date(1987, 10, 2), 'id_number': '432501198710020017', 'household_registration': '湖南省娄底地区娄底市'}}, {'ajfl': {'big_type': '虚假网络投资理财类', 'small_type': '虚假投资理财'}, 'analysis_duration': 1.4358210563659668, 'bilu_header': {'interviewee_name': '孙七', 'gender': '男', 'age': 38, 'birth_date': datetime.date(1987, 10, 2), 'id_number': '432501198710020017', 'household_registration': '湖南省娄底地区娄底市'}}, {'error': '字数太少,无需分析', 'analysis_duration': 0.0007770061492919922, 'bilu_header': {'interviewee_name': '孙七', 'gender': '男', 'age': 38, 'birth_date': datetime.date(1987, 10, 2), 'id_number': '432501198710020017', 'household_registration': '湖南省娄底地区娄底市'}}]
2025-06-04 17:34:46.036 | ERROR    | app.api.v1.case.case_ex_temp:background_case_analysis_result_recieve:325 - 后台处理失败: Object of type date is not JSON serializable
2025-06-04 17:36:26.340 | INFO     | app.api.v1.case.case_ex_temp:background_case_analysis_request_post:73 - <class 'int'>
2025-06-04 17:36:26.404 | INFO     | app.api.v1.case.case_ex_temp:background_case_analysis_request_post:73 - <class 'int'>
2025-06-04 17:36:26.468 | INFO     | app.api.v1.case.case_ex_temp:background_case_analysis_request_post:73 - <class 'int'>
2025-06-04 17:36:26.531 | INFO     | app.api.v1.case.case_ex_temp:background_case_analysis_request_post:73 - <class 'int'>
2025-06-04 17:36:26.594 | INFO     | app.api.v1.case.case_ex_temp:background_case_analysis_request_post:73 - <class 'int'>
2025-06-04 17:36:26.740 | INFO     | app.api.v1.case.case_ex_temp:_async_send_request:361 - 调用成功, 任务id: f515cdae-c2a5-4eeb-a8cb-1f75da88aa17
2025-06-04 17:36:26.741 | INFO     | app.api.v1.case.case_ex_temp:_async_send_request:361 - 调用成功, 任务id: bedf9d36-37d4-4353-b8d5-309cf950ac72
2025-06-04 17:36:26.742 | INFO     | app.api.v1.case.case_ex_temp:_async_send_request:361 - 调用成功, 任务id: eb2ee4f4-8547-4414-b8e0-b921a19aea04
2025-06-04 17:36:26.742 | INFO     | app.api.v1.case.case_ex_temp:_async_send_request:361 - 调用成功, 任务id: da4abee8-9873-407f-9542-6154fd2a9861
2025-06-04 17:36:26.743 | INFO     | app.api.v1.case.case_ex_temp:_async_send_request:361 - 调用成功, 任务id: d67274b0-6e56-40c5-9fab-7277bb754cb1
2025-06-04 17:36:26.802 | INFO     | app.api.v1.case.case_ex_temp:receive_analysis_result:332 - 接收到大模型分析结果, 任务id: eb2ee4f4-8547-4414-b8e0-b921a19aea04
2025-06-04 17:36:26.808 | INFO     | app.api.v1.case.case_ex_temp:receive_analysis_result:332 - 接收到大模型分析结果, 任务id: bedf9d36-37d4-4353-b8d5-309cf950ac72
2025-06-04 17:36:37.272 | INFO     | app.api.v1.case.case_ex_temp:receive_analysis_result:332 - 接收到大模型分析结果, 任务id: d67274b0-6e56-40c5-9fab-7277bb754cb1
2025-06-04 17:36:41.189 | INFO     | app.api.v1.case.case_ex_temp:receive_analysis_result:332 - 接收到大模型分析结果, 任务id: da4abee8-9873-407f-9542-6154fd2a9861
2025-06-04 17:36:45.021 | INFO     | app.api.v1.case.case_ex_temp:receive_analysis_result:332 - 接收到大模型分析结果, 任务id: f515cdae-c2a5-4eeb-a8cb-1f75da88aa17
2025-06-04 17:36:45.125 | INFO     | app.api.v1.case.case_ex_temp:background_case_analysis_result_recieve:260 - 合并分析结果
2025-06-04 17:36:45.132 | INFO     | app.api.v1.case.case_ex_temp:background_case_analysis_result_recieve:278 - [{'error': '字数太少,无需分析', 'analysis_duration': 0.0008246898651123047, 'bilu_header': {'interviewee_name': '张三', 'gender': '男', 'age': 38, 'birth_date': datetime.date(1987, 10, 2), 'id_number': '432501198710020017', 'household_registration': '湖南省娄底地区娄底市'}}, {'sjnr': {'sjfs': '张三在一月初的时候接到一个电话，对方自称有一个股票拉升的项目，邀请他参与投资。', 'sjgj': '电话', 'sjsj': '2024年1月初'}, 'ajfl': {'big_type': '虚假网络投资理财类', 'small_type': '虚假投资理财'}, 'victim_type': {'被害人身份': '中年男性', '手机品牌': '未知'}, 'analysis_duration': 10.426801443099976, 'bilu_header': {'interviewee_name': '张三', 'gender': '男', 'age': 38, 'birth_date': datetime.date(1987, 10, 2), 'id_number': '432501198710020017', 'household_registration': '湖南省娄底地区娄底市'}}, {'sjnr': {'sjfs': '张三在一月初的时候接到一个电话，对方询问他是否做股票，并向他推荐了一个股票拉升项目', 'sjgj': '电话', 'sjsj': '2024年1月初'}, 'ajfl': {'big_type': '虚假网络投资理财类', 'small_type': '虚假投资理财'}, 'victim_type': {'被害人身份': '中年男性', '手机品牌': '未知'}, 'analysis_duration': 14.343517303466797, 'bilu_header': {'interviewee_name': '张三', 'gender': '男', 'age': 38, 'birth_date': datetime.date(1987, 10, 2), 'id_number': '432501198710020017', 'household_registration': '湖南省娄底地区娄底市'}}, {'error': '字数太少,无需分析', 'analysis_duration': 0.0006728172302246094, 'bilu_header': {'interviewee_name': '张三', 'gender': '男', 'age': 38, 'birth_date': datetime.date(1987, 10, 2), 'id_number': '432501198710020017', 'household_registration': '湖南省娄底地区娄底市'}}, {'sjnr': {'sjfs': '张三在一月初接到一个电话，对方自称有股票拉升项目，并邀请他加入微信群进行投资', 'sjgj': '电话', 'sjsj': '2024年1月初'}, 'ajfl': {'big_type': '虚假网络投资理财类', 'small_type': '虚假投资理财'}, 'victim_type': {'被害人身份': '中年男性', '手机品牌': '未知'}, 'analysis_duration': 18.169617176055908, 'bilu_header': {'interviewee_name': '张三', 'gender': '男', 'age': 38, 'birth_date': datetime.date(1987, 10, 2), 'id_number': '432501198710020017', 'household_registration': '湖南省娄底地区娄底市'}}]
2025-06-04 17:36:45.136 | ERROR    | app.api.v1.case.case_ex_temp:background_case_analysis_result_recieve:325 - 后台处理失败: Object of type date is not JSON serializable
